d:\qt\mfc-roilib\roilib\roilibapp\debug\roilibapp.pch
d:\qt\mfc-roilib\roilib\roilibapp\debug\vc140.pdb
d:\qt\mfc-roilib\roilib\roilibapp\debug\vc140.idb
d:\qt\mfc-roilib\roilib\roilibapp\debug\stdafx.obj
d:\qt\mfc-roilib\roilib\roilibapp\debug\imgprocbase.obj
d:\qt\mfc-roilib\roilib\roilibapp\debug\iniutil.obj
d:\qt\mfc-roilib\roilib\roilibapp\debug\processingclass.obj
d:\qt\mfc-roilib\roilib\roilibapp\debug\roilibapp.obj
d:\qt\mfc-roilib\roilib\roilibapp\debug\roilibappview.obj
d:\qt\mfc-roilib\roilib\roilibapp\debug\customribbonbar.obj
d:\qt\mfc-roilib\roilib\roilibapp\debug\dlgconfig.obj
d:\qt\mfc-roilib\roilib\roilibapp\debug\dlgrecipeset.obj
d:\qt\mfc-roilib\roilib\roilibapp\debug\blob.obj
d:\qt\mfc-roilib\roilib\roilibapp\debug\blobcontour.obj
d:\qt\mfc-roilib\roilib\roilibapp\debug\bloboperators.obj
d:\qt\mfc-roilib\roilib\roilibapp\debug\blobresult.obj
d:\qt\mfc-roilib\roilib\roilibapp\debug\componentlabeling.obj
d:\qt\mfc-roilib\roilib\roilibapp\debug\imgprocengine.obj
d:\qt\mfc-roilib\roilib\roilibapp\debug\frmproperty.obj
d:\qt\mfc-roilib\roilib\roilibapp\debug\mainfrm.obj
d:\qt\mfc-roilib\roilib\roilibapp\debug\logwnd.obj
d:\qt\mfc-roilib\roilib\roilibapp\debug\propertieswnd.obj
d:\qt\mfc-roilib\roilib\roilibapp\debug\recipeview.obj
d:\qt\mfc-roilib\roilib\roilibapp\debug\advcomboedit.obj
d:\qt\mfc-roilib\roilib\roilibapp\debug\droplistbox.obj
d:\qt\mfc-roilib\roilib\roilibapp\debug\dropscrollbar.obj
d:\qt\mfc-roilib\roilib\roilibapp\debug\dropwnd.obj
d:\qt\mfc-roilib\roilib\roilibapp\debug\visualstylesxp.obj
d:\qt\mfc-roilib\roilib\roilibapp\debug\xcombo.obj
d:\qt\mfc-roilib\roilib\roilibapp\debug\xcombolist.obj
d:\qt\mfc-roilib\roilib\roilibapp\debug\xedit.obj
d:\qt\mfc-roilib\roilib\roilibapp\debug\xheaderctrl.obj
d:\qt\mfc-roilib\roilib\roilibapp\debug\xlistctrl.obj
d:\qt\mfc-roilib\roilib\roilibapp\debug\config.obj
d:\qt\mfc-roilib\roilib\roilibapp\debug\datablock.obj
d:\qt\mfc-roilib\roilib\roilibapp\debug\linedata.obj
d:\qt\mfc-roilib\roilib\roilibapp\debug\recipebase.obj
d:\qt\mfc-roilib\roilib\roilibapp\debug\recipedata.obj
d:\qt\mfc-roilib\roilib\roilibapp\debug\rectdouble.obj
d:\qt\mfc-roilib\roilib\roilibapp\debug\roibase.obj
d:\qt\mfc-roilib\roilib\roilibapp\debug\roidata.obj
d:\qt\mfc-roilib\roilib\roilibapp\debug\dlgobject.obj
d:\qt\mfc-roilib\roilib\roilibapp\debug\edgessubpix.obj
d:\qt\mfc-roilib\roilib\roilibapp\debug\propertygridinplaceedit.obj
d:\qt\mfc-roilib\roilib\roilibapp\debug\propertygridmonthcalctrl.obj
d:\qt\mfc-roilib\roilib\roilibapp\debug\drawdoc.obj
d:\qt\mfc-roilib\roilib\roilibapp\debug\drawobj.obj
d:\qt\mfc-roilib\roilib\roilibapp\debug\drawtool.obj
d:\qt\mfc-roilib\roilib\roilibapp\debug\drawvw.obj
d:\qt\mfc-roilib\roilib\roilibapp\debug\scrollviewex.obj
d:\qt\mfc-roilib\roilib\roilibapp\debug\sdiapp.obj
d:\qt\mfc-roilib\roilib\roilibapp\debug\sdiframe.obj
d:\qt\mfc-roilib\roilib\roilibapp\debug\direct_info.obj
d:\qt\mfc-roilib\roilib\roilibapp\debug\fileoperations.obj
d:\qt\mfc-roilib\roilib\roilibapp\debug\log.obj
d:\qt\mfc-roilib\roilib\roilibapp\debug\msexcel.obj
d:\qt\mfc-roilib\roilib\roilibapp\debug\olemethod.obj
d:\qt\mfc-roilib\roilib\roilibapp\debug\path.obj
d:\qt\mfc-roilib\roilib\roilibapp\debug\string.obj
d:\qt\mfc-roilib\roilib\roilibapp\debug\tokenizer.obj
d:\qt\mfc-roilib\roilib\roilibapp\debug\ui_object.obj
d:\qt\mfc-roilib\roilib\roilibapp\debug\utils.obj
d:\qt\mfc-roilib\roilib\roilibapp\debug\advcombobox.obj
d:\qt\mfc-roilib\roilib\roilibapp\debug\dyndialogex.obj
d:\qt\mfc-roilib\roilib\roilibapp\debug\dyndialogitemex.obj
d:\qt\mfc-roilib\roilib\roilibapp\debug\listdyndialogex.obj
d:\qt\mfc-roilib\roilib\roilibapp\debug\propertygrid.obj
d:\qt\mfc-roilib\roilib\roilibapp\debug\propertygridcombo.obj
d:\qt\mfc-roilib\roilib\roilibapp\debug\propertygriddirectorypicker.obj
d:\qt\mfc-roilib\roilib\roilibapp\debug\roilibapp.tlog\cl.command.1.tlog
d:\qt\mfc-roilib\roilib\roilibapp\debug\roilibapp.tlog\cl.read.1.tlog
d:\qt\mfc-roilib\roilib\roilibapp\debug\roilibapp.tlog\cl.write.1.tlog
