d:\qt\mfc-roilib\cximage\jasper\release\jasper.pdb
d:\qt\mfc-roilib\cximage\jasper\release\jasper.idb
d:\qt\mfc-roilib\cximage\jasper\release\jpc_bs.obj
d:\qt\mfc-roilib\cximage\jasper\release\jp2_enc.obj
d:\qt\mfc-roilib\cximage\jasper\release\jp2_dec.obj
d:\qt\mfc-roilib\cximage\jasper\release\jp2_cod.obj
d:\qt\mfc-roilib\cximage\jasper\release\jas_version.obj
d:\qt\mfc-roilib\cximage\jasper\release\jas_tvp.obj
d:\qt\mfc-roilib\cximage\jasper\release\jas_string.obj
d:\qt\mfc-roilib\cximage\jasper\release\jas_stream.obj
d:\qt\mfc-roilib\cximage\jasper\release\jas_seq.obj
d:\qt\mfc-roilib\cximage\jasper\release\jas_malloc.obj
d:\qt\mfc-roilib\cximage\jasper\release\jas_init.obj
d:\qt\mfc-roilib\cximage\jasper\release\jas_image.obj
d:\qt\mfc-roilib\cximage\jasper\release\jas_iccdata.obj
d:\qt\mfc-roilib\cximage\jasper\release\jas_icc.obj
d:\qt\mfc-roilib\cximage\jasper\release\jas_getopt.obj
d:\qt\mfc-roilib\cximage\jasper\release\jas_debug.obj
d:\qt\mfc-roilib\cximage\jasper\release\jas_cm.obj
d:\qt\mfc-roilib\cximage\jasper\release\bmp_enc.obj
d:\qt\mfc-roilib\cximage\jasper\release\bmp_dec.obj
d:\qt\mfc-roilib\cximage\jasper\release\bmp_cod.obj
d:\qt\mfc-roilib\cximage\jasper\release\jpg_val.obj
d:\qt\mfc-roilib\cximage\jasper\release\jpg_dummy.obj
d:\qt\mfc-roilib\cximage\jasper\release\jpc_util.obj
d:\qt\mfc-roilib\cximage\jasper\release\jpc_tsfb.obj
d:\qt\mfc-roilib\cximage\jasper\release\jpc_tagtree.obj
d:\qt\mfc-roilib\cximage\jasper\release\jpc_t2enc.obj
d:\qt\mfc-roilib\cximage\jasper\release\jpc_t2dec.obj
d:\qt\mfc-roilib\cximage\jasper\release\jpc_t2cod.obj
d:\qt\mfc-roilib\cximage\jasper\release\jpc_t1enc.obj
d:\qt\mfc-roilib\cximage\jasper\release\jpc_t1dec.obj
d:\qt\mfc-roilib\cximage\jasper\release\jpc_t1cod.obj
d:\qt\mfc-roilib\cximage\jasper\release\jpc_qmfb.obj
d:\qt\mfc-roilib\cximage\jasper\release\jpc_mqenc.obj
d:\qt\mfc-roilib\cximage\jasper\release\jpc_mqdec.obj
d:\qt\mfc-roilib\cximage\jasper\release\jpc_mqcod.obj
d:\qt\mfc-roilib\cximage\jasper\release\jpc_mct.obj
d:\qt\mfc-roilib\cximage\jasper\release\jpc_math.obj
d:\qt\mfc-roilib\cximage\jasper\release\jpc_enc.obj
d:\qt\mfc-roilib\cximage\jasper\release\jpc_dec.obj
d:\qt\mfc-roilib\cximage\jasper\release\jpc_cs.obj
d:\qt\mfc-roilib\cximage\jasper\release\ras_enc.obj
d:\qt\mfc-roilib\cximage\jasper\release\ras_dec.obj
d:\qt\mfc-roilib\cximage\jasper\release\ras_cod.obj
d:\qt\mfc-roilib\cximage\jasper\release\pnm_enc.obj
d:\qt\mfc-roilib\cximage\jasper\release\pnm_dec.obj
d:\qt\mfc-roilib\cximage\jasper\release\pnm_cod.obj
d:\qt\mfc-roilib\cximage\jasper\release\pgx_enc.obj
d:\qt\mfc-roilib\cximage\jasper\release\pgx_dec.obj
d:\qt\mfc-roilib\cximage\jasper\release\pgx_cod.obj
d:\qt\mfc-roilib\cximage\jasper\release\mif_cod.obj
d:\qt\mfc-roilib\cximage\jasper\release\jasper.lib
d:\qt\mfc-roilib\cximage\jasper\..\lib\jasper.lib
d:\qt\mfc-roilib\cximage\jasper\x64\release\jasper.tlog\cl.command.1.tlog
d:\qt\mfc-roilib\cximage\jasper\x64\release\jasper.tlog\cl.read.1.tlog
d:\qt\mfc-roilib\cximage\jasper\x64\release\jasper.tlog\cl.write.1.tlog
d:\qt\mfc-roilib\cximage\jasper\x64\release\jasper.tlog\lib-link.read.1.tlog
d:\qt\mfc-roilib\cximage\jasper\x64\release\jasper.tlog\lib-link.write.1.tlog
d:\qt\mfc-roilib\cximage\jasper\x64\release\jasper.tlog\lib.command.1.tlog
