d:\qt\mfc-roilib\roilib\roilibapp\release\roilibapp.pch
d:\qt\mfc-roilib\roilib\roilibapp\release\vc140.pdb
d:\qt\mfc-roilib\roilib\roilibapp\release\stdafx.obj
d:\qt\mfc-roilib\roilib\roilibapp\release\olemethod.obj
d:\qt\mfc-roilib\roilib\roilibapp\release\msexcel.obj
d:\qt\mfc-roilib\roilib\roilibapp\release\log.obj
d:\qt\mfc-roilib\roilib\roilibapp\release\fileoperations.obj
d:\qt\mfc-roilib\roilib\roilibapp\release\direct_info.obj
d:\qt\mfc-roilib\roilib\roilibapp\release\sdiframe.obj
d:\qt\mfc-roilib\roilib\roilibapp\release\sdiapp.obj
d:\qt\mfc-roilib\roilib\roilibapp\release\scrollviewex.obj
d:\qt\mfc-roilib\roilib\roilibapp\release\drawvw.obj
d:\qt\mfc-roilib\roilib\roilibapp\release\drawtool.obj
d:\qt\mfc-roilib\roilib\roilibapp\release\drawobj.obj
d:\qt\mfc-roilib\roilib\roilibapp\release\drawdoc.obj
d:\qt\mfc-roilib\roilib\roilibapp\release\propertygridmonthcalctrl.obj
d:\qt\mfc-roilib\roilib\roilibapp\release\propertygridinplaceedit.obj
d:\qt\mfc-roilib\roilib\roilibapp\release\propertygriddirectorypicker.obj
d:\qt\mfc-roilib\roilib\roilibapp\release\propertygridcombo.obj
d:\qt\mfc-roilib\roilib\roilibapp\release\propertygrid.obj
d:\qt\mfc-roilib\roilib\roilibapp\release\listdyndialogex.obj
d:\qt\mfc-roilib\roilib\roilibapp\release\dyndialogitemex.obj
d:\qt\mfc-roilib\roilib\roilibapp\release\dyndialogex.obj
d:\qt\mfc-roilib\roilib\roilibapp\release\recipedata.obj
d:\qt\mfc-roilib\roilib\roilibapp\release\recipebase.obj
d:\qt\mfc-roilib\roilib\roilibapp\release\linedata.obj
d:\qt\mfc-roilib\roilib\roilibapp\release\config.obj
d:\qt\mfc-roilib\roilib\roilibapp\release\xlistctrl.obj
d:\qt\mfc-roilib\roilib\roilibapp\release\xheaderctrl.obj
d:\qt\mfc-roilib\roilib\roilibapp\release\xedit.obj
d:\qt\mfc-roilib\roilib\roilibapp\release\xcombolist.obj
d:\qt\mfc-roilib\roilib\roilibapp\release\xcombo.obj
d:\qt\mfc-roilib\roilib\roilibapp\release\visualstylesxp.obj
d:\qt\mfc-roilib\roilib\roilibapp\release\dropwnd.obj
d:\qt\mfc-roilib\roilib\roilibapp\release\dropscrollbar.obj
d:\qt\mfc-roilib\roilib\roilibapp\release\droplistbox.obj
d:\qt\mfc-roilib\roilib\roilibapp\release\advcomboedit.obj
d:\qt\mfc-roilib\roilib\roilibapp\release\advcombobox.obj
d:\qt\mfc-roilib\roilib\roilibapp\release\utils.obj
d:\qt\mfc-roilib\roilib\roilibapp\release\ui_object.obj
d:\qt\mfc-roilib\roilib\roilibapp\release\tokenizer.obj
d:\qt\mfc-roilib\roilib\roilibapp\release\string.obj
d:\qt\mfc-roilib\roilib\roilibapp\release\path.obj
d:\qt\mfc-roilib\roilib\roilibapp\release\componentlabeling.obj
d:\qt\mfc-roilib\roilib\roilibapp\release\blobresult.obj
d:\qt\mfc-roilib\roilib\roilibapp\release\bloboperators.obj
d:\qt\mfc-roilib\roilib\roilibapp\release\blobcontour.obj
d:\qt\mfc-roilib\roilib\roilibapp\release\blob.obj
d:\qt\mfc-roilib\roilib\roilibapp\release\dlgrecipeset.obj
d:\qt\mfc-roilib\roilib\roilibapp\release\dlgconfig.obj
d:\qt\mfc-roilib\roilib\roilibapp\release\customribbonbar.obj
d:\qt\mfc-roilib\roilib\roilibapp\release\roilibappview.obj
d:\qt\mfc-roilib\roilib\roilibapp\release\roilibappdoc.obj
d:\qt\mfc-roilib\roilib\roilibapp\release\roilibapp.obj
d:\qt\mfc-roilib\roilib\roilibapp\release\processingclass.obj
d:\qt\mfc-roilib\roilib\roilibapp\release\iniutil.obj
d:\qt\mfc-roilib\roilib\roilibapp\release\imgprocbase.obj
d:\qt\mfc-roilib\roilib\roilibapp\release\edgessubpix.obj
d:\qt\mfc-roilib\roilib\roilibapp\release\dlgobject.obj
d:\qt\mfc-roilib\roilib\roilibapp\release\roidata.obj
d:\qt\mfc-roilib\roilib\roilibapp\release\roibase.obj
d:\qt\mfc-roilib\roilib\roilibapp\release\rectdouble.obj
d:\qt\mfc-roilib\roilib\roilibapp\release\recipeview.obj
d:\qt\mfc-roilib\roilib\roilibapp\release\propertieswnd.obj
d:\qt\mfc-roilib\roilib\roilibapp\release\logwnd.obj
d:\qt\mfc-roilib\roilib\roilibapp\release\mainfrm.obj
d:\qt\mfc-roilib\roilib\roilibapp\release\frmproperty.obj
d:\qt\mfc-roilib\roilib\roilibapp\release\roilibapp.tlog\cl.command.1.tlog
d:\qt\mfc-roilib\roilib\roilibapp\release\roilibapp.tlog\cl.read.1.tlog
d:\qt\mfc-roilib\roilib\roilibapp\release\roilibapp.tlog\cl.write.1.tlog
