d:\qt\mfc-roilib\cximage\zlib\release\zlib.pdb
d:\qt\mfc-roilib\cximage\zlib\release\zlib.idb
d:\qt\mfc-roilib\cximage\zlib\release\zutil.obj
d:\qt\mfc-roilib\cximage\zlib\release\uncompr.obj
d:\qt\mfc-roilib\cximage\zlib\release\trees.obj
d:\qt\mfc-roilib\cximage\zlib\release\inftrees.obj
d:\qt\mfc-roilib\cximage\zlib\release\inflate.obj
d:\qt\mfc-roilib\cximage\zlib\release\inffast.obj
d:\qt\mfc-roilib\cximage\zlib\release\infback.obj
d:\qt\mfc-roilib\cximage\zlib\release\gzio.obj
d:\qt\mfc-roilib\cximage\zlib\release\deflate.obj
d:\qt\mfc-roilib\cximage\zlib\release\crc32.obj
d:\qt\mfc-roilib\cximage\zlib\release\compress.obj
d:\qt\mfc-roilib\cximage\zlib\release\adler32.obj
d:\qt\mfc-roilib\cximage\zlib\release\zlib.lib
d:\qt\mfc-roilib\cximage\zlib\..\lib\zlib.lib
d:\qt\mfc-roilib\cximage\zlib\x64\release\zlib.tlog\cl.command.1.tlog
d:\qt\mfc-roilib\cximage\zlib\x64\release\zlib.tlog\cl.read.1.tlog
d:\qt\mfc-roilib\cximage\zlib\x64\release\zlib.tlog\cl.write.1.tlog
d:\qt\mfc-roilib\cximage\zlib\x64\release\zlib.tlog\lib-link.read.1.tlog
d:\qt\mfc-roilib\cximage\zlib\x64\release\zlib.tlog\lib-link.write.1.tlog
d:\qt\mfc-roilib\cximage\zlib\x64\release\zlib.tlog\lib.command.1.tlog
