d:\qt\mfc-roilib\cximage\mng\release\mng.pdb
d:\qt\mfc-roilib\cximage\mng\release\mng.idb
d:\qt\mfc-roilib\cximage\mng\release\libmng_zlib.obj
d:\qt\mfc-roilib\cximage\mng\release\libmng_write.obj
d:\qt\mfc-roilib\cximage\mng\release\libmng_trace.obj
d:\qt\mfc-roilib\cximage\mng\release\libmng_read.obj
d:\qt\mfc-roilib\cximage\mng\release\libmng_prop_xs.obj
d:\qt\mfc-roilib\cximage\mng\release\libmng_pixels.obj
d:\qt\mfc-roilib\cximage\mng\release\libmng_object_prc.obj
d:\qt\mfc-roilib\cximage\mng\release\libmng_jpeg.obj
d:\qt\mfc-roilib\cximage\mng\release\libmng_hlapi.obj
d:\qt\mfc-roilib\cximage\mng\release\libmng_filter.obj
d:\qt\mfc-roilib\cximage\mng\release\libmng_error.obj
d:\qt\mfc-roilib\cximage\mng\release\libmng_dither.obj
d:\qt\mfc-roilib\cximage\mng\release\libmng_display.obj
d:\qt\mfc-roilib\cximage\mng\release\libmng_cms.obj
d:\qt\mfc-roilib\cximage\mng\release\libmng_chunk_xs.obj
d:\qt\mfc-roilib\cximage\mng\release\libmng_chunk_prc.obj
d:\qt\mfc-roilib\cximage\mng\release\libmng_chunk_io.obj
d:\qt\mfc-roilib\cximage\mng\release\libmng_chunk_descr.obj
d:\qt\mfc-roilib\cximage\mng\release\libmng_callback_xs.obj
d:\qt\mfc-roilib\cximage\mng\release\mng.lib
d:\qt\mfc-roilib\cximage\mng\..\lib\mng.lib
d:\qt\mfc-roilib\cximage\mng\x64\release\mng.tlog\cl.command.1.tlog
d:\qt\mfc-roilib\cximage\mng\x64\release\mng.tlog\cl.read.1.tlog
d:\qt\mfc-roilib\cximage\mng\x64\release\mng.tlog\cl.write.1.tlog
d:\qt\mfc-roilib\cximage\mng\x64\release\mng.tlog\lib-link.read.1.tlog
d:\qt\mfc-roilib\cximage\mng\x64\release\mng.tlog\lib-link.write.1.tlog
d:\qt\mfc-roilib\cximage\mng\x64\release\mng.tlog\lib.command.1.tlog
