d:\qt\mfc-roilib\roilib\roilibapp\x64\debug\roilibapp.pch
d:\qt\mfc-roilib\roilib\roilibapp\x64\debug\vc140.pdb
d:\qt\mfc-roilib\roilib\roilibapp\x64\debug\vc140.idb
d:\qt\mfc-roilib\roilib\roilibapp\x64\debug\stdafx.obj
d:\qt\mfc-roilib\roilib\roilibapp\x64\debug\imgprocbase.obj
d:\qt\mfc-roilib\roilib\roilibapp\x64\debug\iniutil.obj
d:\qt\mfc-roilib\roilib\roilibapp\x64\debug\processingclass.obj
d:\qt\mfc-roilib\roilib\roilibapp\x64\debug\roilibapp.obj
d:\qt\mfc-roilib\roilib\roilibapp\x64\debug\roilibappview.obj
d:\qt\mfc-roilib\roilib\roilibapp\x64\debug\customribbonbar.obj
d:\qt\mfc-roilib\roilib\roilibapp\x64\debug\dlgconfig.obj
d:\qt\mfc-roilib\roilib\roilibapp\x64\debug\dlgrecipeset.obj
d:\qt\mfc-roilib\roilib\roilibapp\x64\debug\blob.obj
d:\qt\mfc-roilib\roilib\roilibapp\x64\debug\blobcontour.obj
d:\qt\mfc-roilib\roilib\roilibapp\x64\debug\bloboperators.obj
d:\qt\mfc-roilib\roilib\roilibapp\x64\debug\blobresult.obj
d:\qt\mfc-roilib\roilib\roilibapp\x64\debug\componentlabeling.obj
d:\qt\mfc-roilib\roilib\roilibapp\x64\debug\imgprocengine.obj
d:\qt\mfc-roilib\roilib\roilibapp\x64\debug\frmproperty.obj
d:\qt\mfc-roilib\roilib\roilibapp\x64\debug\mainfrm.obj
d:\qt\mfc-roilib\roilib\roilibapp\x64\debug\logwnd.obj
d:\qt\mfc-roilib\roilib\roilibapp\x64\debug\propertieswnd.obj
d:\qt\mfc-roilib\roilib\roilibapp\x64\debug\recipeview.obj
d:\qt\mfc-roilib\roilib\roilibapp\x64\debug\advcomboedit.obj
d:\qt\mfc-roilib\roilib\roilibapp\x64\debug\droplistbox.obj
d:\qt\mfc-roilib\roilib\roilibapp\x64\debug\dropscrollbar.obj
d:\qt\mfc-roilib\roilib\roilibapp\x64\debug\dropwnd.obj
d:\qt\mfc-roilib\roilib\roilibapp\x64\debug\visualstylesxp.obj
d:\qt\mfc-roilib\roilib\roilibapp\x64\debug\xcombo.obj
d:\qt\mfc-roilib\roilib\roilibapp\x64\debug\xcombolist.obj
d:\qt\mfc-roilib\roilib\roilibapp\x64\debug\xedit.obj
d:\qt\mfc-roilib\roilib\roilibapp\x64\debug\xheaderctrl.obj
d:\qt\mfc-roilib\roilib\roilibapp\x64\debug\xlistctrl.obj
d:\qt\mfc-roilib\roilib\roilibapp\x64\debug\config.obj
d:\qt\mfc-roilib\roilib\roilibapp\x64\debug\datablock.obj
d:\qt\mfc-roilib\roilib\roilibapp\x64\debug\linedata.obj
d:\qt\mfc-roilib\roilib\roilibapp\x64\debug\recipebase.obj
d:\qt\mfc-roilib\roilib\roilibapp\x64\debug\recipedata.obj
d:\qt\mfc-roilib\roilib\roilibapp\x64\debug\rectdouble.obj
d:\qt\mfc-roilib\roilib\roilibapp\x64\debug\roibase.obj
d:\qt\mfc-roilib\roilib\roilibapp\x64\debug\roidata.obj
d:\qt\mfc-roilib\roilib\roilibapp\x64\debug\dlgobject.obj
d:\qt\mfc-roilib\roilib\roilibapp\x64\debug\edgessubpix.obj
d:\qt\mfc-roilib\roilib\roilibapp\x64\debug\propertygridinplaceedit.obj
d:\qt\mfc-roilib\roilib\roilibapp\x64\debug\propertygridmonthcalctrl.obj
d:\qt\mfc-roilib\roilib\roilibapp\x64\debug\drawdoc.obj
d:\qt\mfc-roilib\roilib\roilibapp\x64\debug\drawobj.obj
d:\qt\mfc-roilib\roilib\roilibapp\x64\debug\drawtool.obj
d:\qt\mfc-roilib\roilib\roilibapp\x64\debug\drawvw.obj
d:\qt\mfc-roilib\roilib\roilibapp\x64\debug\scrollviewex.obj
d:\qt\mfc-roilib\roilib\roilibapp\x64\debug\sdiapp.obj
d:\qt\mfc-roilib\roilib\roilibapp\x64\debug\sdiframe.obj
d:\qt\mfc-roilib\roilib\roilibapp\x64\debug\direct_info.obj
d:\qt\mfc-roilib\roilib\roilibapp\x64\debug\fileoperations.obj
d:\qt\mfc-roilib\roilib\roilibapp\x64\debug\log.obj
d:\qt\mfc-roilib\roilib\roilibapp\x64\debug\msexcel.obj
d:\qt\mfc-roilib\roilib\roilibapp\x64\debug\olemethod.obj
d:\qt\mfc-roilib\roilib\roilibapp\x64\debug\path.obj
d:\qt\mfc-roilib\roilib\roilibapp\x64\debug\string.obj
d:\qt\mfc-roilib\roilib\roilibapp\x64\debug\tokenizer.obj
d:\qt\mfc-roilib\roilib\roilibapp\x64\debug\ui_object.obj
d:\qt\mfc-roilib\roilib\roilibapp\x64\debug\utils.obj
d:\qt\mfc-roilib\roilib\roilibapp\x64\debug\advcombobox.obj
d:\qt\mfc-roilib\roilib\roilibapp\x64\debug\dyndialogex.obj
d:\qt\mfc-roilib\roilib\roilibapp\x64\debug\dyndialogitemex.obj
d:\qt\mfc-roilib\roilib\roilibapp\x64\debug\listdyndialogex.obj
d:\qt\mfc-roilib\roilib\roilibapp\x64\debug\propertygrid.obj
d:\qt\mfc-roilib\roilib\roilibapp\x64\debug\propertygridcombo.obj
d:\qt\mfc-roilib\roilib\roilibapp\x64\debug\propertygriddirectorypicker.obj
d:\qt\mfc-roilib\roilib\roilibapp\x64\debug\roilibappdoc.obj
d:\qt\mfc-roilib\roilib\x64\debug\roilibapp.ilk
d:\qt\mfc-roilib\roilib\x64\debug\roilibapp.exe
d:\qt\mfc-roilib\roilib\x64\debug\roilibapp.pdb
d:\qt\mfc-roilib\roilib\roilibapp\x64\debug\roilibapp.res
d:\qt\mfc-roilib\roilib\x64\debug\roilibapp.lib
d:\qt\mfc-roilib\roilib\x64\debug\roilibapp.exp
d:\qt\mfc-roilib\roilib\roilibapp\x64\debug\roilibapp.tlog\cl.command.1.tlog
d:\qt\mfc-roilib\roilib\roilibapp\x64\debug\roilibapp.tlog\cl.read.1.tlog
d:\qt\mfc-roilib\roilib\roilibapp\x64\debug\roilibapp.tlog\cl.write.1.tlog
d:\qt\mfc-roilib\roilib\roilibapp\x64\debug\roilibapp.tlog\link.command.1.tlog
d:\qt\mfc-roilib\roilib\roilibapp\x64\debug\roilibapp.tlog\link.read.1.tlog
d:\qt\mfc-roilib\roilib\roilibapp\x64\debug\roilibapp.tlog\link.write.1.tlog
d:\qt\mfc-roilib\roilib\roilibapp\x64\debug\roilibapp.tlog\rc.command.1.tlog
d:\qt\mfc-roilib\roilib\roilibapp\x64\debug\roilibapp.tlog\rc.read.1.tlog
d:\qt\mfc-roilib\roilib\roilibapp\x64\debug\roilibapp.tlog\rc.write.1.tlog
d:\qt\mfc-roilib\roilib\roilibapp\x64\debug\roilibapp.tlog\roilibapp.write.1u.tlog
