d:\qt\mfc-roilib\cximage\mng\debug\mng.pdb
d:\qt\mfc-roilib\cximage\mng\debug\mng.idb
d:\qt\mfc-roilib\cximage\mng\debug\libmng_zlib.obj
d:\qt\mfc-roilib\cximage\mng\debug\libmng_write.obj
d:\qt\mfc-roilib\cximage\mng\debug\libmng_trace.obj
d:\qt\mfc-roilib\cximage\mng\debug\libmng_read.obj
d:\qt\mfc-roilib\cximage\mng\debug\libmng_prop_xs.obj
d:\qt\mfc-roilib\cximage\mng\debug\libmng_pixels.obj
d:\qt\mfc-roilib\cximage\mng\debug\libmng_object_prc.obj
d:\qt\mfc-roilib\cximage\mng\debug\libmng_jpeg.obj
d:\qt\mfc-roilib\cximage\mng\debug\libmng_hlapi.obj
d:\qt\mfc-roilib\cximage\mng\debug\libmng_filter.obj
d:\qt\mfc-roilib\cximage\mng\debug\libmng_error.obj
d:\qt\mfc-roilib\cximage\mng\debug\libmng_dither.obj
d:\qt\mfc-roilib\cximage\mng\debug\libmng_display.obj
d:\qt\mfc-roilib\cximage\mng\debug\libmng_cms.obj
d:\qt\mfc-roilib\cximage\mng\debug\libmng_chunk_xs.obj
d:\qt\mfc-roilib\cximage\mng\debug\libmng_chunk_prc.obj
d:\qt\mfc-roilib\cximage\mng\debug\libmng_chunk_io.obj
d:\qt\mfc-roilib\cximage\mng\debug\libmng_chunk_descr.obj
d:\qt\mfc-roilib\cximage\mng\debug\libmng_callback_xs.obj
d:\qt\mfc-roilib\cximage\mng\debug\mng.lib
d:\qt\mfc-roilib\cximage\mng\x64\debug\mng.tlog\cl.command.1.tlog
d:\qt\mfc-roilib\cximage\mng\x64\debug\mng.tlog\cl.read.1.tlog
d:\qt\mfc-roilib\cximage\mng\x64\debug\mng.tlog\cl.write.1.tlog
d:\qt\mfc-roilib\cximage\mng\x64\debug\mng.tlog\lib-link.read.1.tlog
d:\qt\mfc-roilib\cximage\mng\x64\debug\mng.tlog\lib-link.write.1.tlog
d:\qt\mfc-roilib\cximage\mng\x64\debug\mng.tlog\lib.command.1.tlog
