d:\qt\mfc-roilib\cximage\png\release\png.pdb
d:\qt\mfc-roilib\cximage\png\release\png.idb
d:\qt\mfc-roilib\cximage\png\release\pngwutil.obj
d:\qt\mfc-roilib\cximage\png\release\pngwtran.obj
d:\qt\mfc-roilib\cximage\png\release\pngwrite.obj
d:\qt\mfc-roilib\cximage\png\release\pngwio.obj
d:\qt\mfc-roilib\cximage\png\release\pngvcrd.obj
d:\qt\mfc-roilib\cximage\png\release\pngtrans.obj
d:\qt\mfc-roilib\cximage\png\release\pngset.obj
d:\qt\mfc-roilib\cximage\png\release\pngrutil.obj
d:\qt\mfc-roilib\cximage\png\release\pngrtran.obj
d:\qt\mfc-roilib\cximage\png\release\pngrio.obj
d:\qt\mfc-roilib\cximage\png\release\pngread.obj
d:\qt\mfc-roilib\cximage\png\release\pngpread.obj
d:\qt\mfc-roilib\cximage\png\release\pngmem.obj
d:\qt\mfc-roilib\cximage\png\release\pngget.obj
d:\qt\mfc-roilib\cximage\png\release\pngerror.obj
d:\qt\mfc-roilib\cximage\png\release\png.obj
d:\qt\mfc-roilib\cximage\png\release\png.lib
d:\qt\mfc-roilib\cximage\png\..\lib\png.lib
d:\qt\mfc-roilib\cximage\png\x64\release\png.tlog\cl.command.1.tlog
d:\qt\mfc-roilib\cximage\png\x64\release\png.tlog\cl.read.1.tlog
d:\qt\mfc-roilib\cximage\png\x64\release\png.tlog\cl.write.1.tlog
d:\qt\mfc-roilib\cximage\png\x64\release\png.tlog\lib-link.read.1.tlog
d:\qt\mfc-roilib\cximage\png\x64\release\png.tlog\lib-link.write.1.tlog
d:\qt\mfc-roilib\cximage\png\x64\release\png.tlog\lib.command.1.tlog
