d:\qt\mfc-roilib\cximage\cximage\debug\cximage.pdb
d:\qt\mfc-roilib\cximage\cximage\debug\cximage.idb
d:\qt\mfc-roilib\cximage\cximage\debug\ximapng.obj
d:\qt\mfc-roilib\cximage\cximage\debug\ximapcx.obj
d:\qt\mfc-roilib\cximage\cximage\debug\ximapal.obj
d:\qt\mfc-roilib\cximage\cximage\debug\ximamng.obj
d:\qt\mfc-roilib\cximage\cximage\debug\ximalyr.obj
d:\qt\mfc-roilib\cximage\cximage\debug\ximalpha.obj
d:\qt\mfc-roilib\cximage\cximage\debug\ximajpg.obj
d:\qt\mfc-roilib\cximage\cximage\debug\ximajbg.obj
d:\qt\mfc-roilib\cximage\cximage\debug\ximajas.obj
d:\qt\mfc-roilib\cximage\cximage\debug\ximaint.obj
d:\qt\mfc-roilib\cximage\cximage\debug\ximainfo.obj
d:\qt\mfc-roilib\cximage\cximage\debug\ximaico.obj
d:\qt\mfc-roilib\cximage\cximage\debug\ximahist.obj
d:\qt\mfc-roilib\cximage\cximage\debug\ximagif.obj
d:\qt\mfc-roilib\cximage\cximage\debug\ximage.obj
d:\qt\mfc-roilib\cximage\cximage\debug\ximaexif.obj
d:\qt\mfc-roilib\cximage\cximage\debug\ximaenc.obj
d:\qt\mfc-roilib\cximage\cximage\debug\ximadsp.obj
d:\qt\mfc-roilib\cximage\cximage\debug\ximabmp.obj
d:\qt\mfc-roilib\cximage\cximage\debug\tif_xfile.obj
d:\qt\mfc-roilib\cximage\cximage\debug\xmemfile.obj
d:\qt\mfc-roilib\cximage\cximage\debug\ximawnd.obj
d:\qt\mfc-roilib\cximage\cximage\debug\ximawmf.obj
d:\qt\mfc-roilib\cximage\cximage\debug\ximawbmp.obj
d:\qt\mfc-roilib\cximage\cximage\debug\ximatran.obj
d:\qt\mfc-roilib\cximage\cximage\debug\ximatif.obj
d:\qt\mfc-roilib\cximage\cximage\debug\ximath.obj
d:\qt\mfc-roilib\cximage\cximage\debug\ximatga.obj
d:\qt\mfc-roilib\cximage\cximage\debug\ximaska.obj
d:\qt\mfc-roilib\cximage\cximage\debug\ximasel.obj
d:\qt\mfc-roilib\cximage\cximage\debug\ximaraw.obj
d:\qt\mfc-roilib\cximage\cximage\debug\cximage.lib
d:\qt\mfc-roilib\cximage\cximage\..\lib\cximage.lib
d:\qt\mfc-roilib\cximage\cximage\x64\debug\cximage.tlog\cl.command.1.tlog
d:\qt\mfc-roilib\cximage\cximage\x64\debug\cximage.tlog\cl.read.1.tlog
d:\qt\mfc-roilib\cximage\cximage\x64\debug\cximage.tlog\cl.write.1.tlog
d:\qt\mfc-roilib\cximage\cximage\x64\debug\cximage.tlog\lib-link.read.1.tlog
d:\qt\mfc-roilib\cximage\cximage\x64\debug\cximage.tlog\lib-link.write.1.tlog
d:\qt\mfc-roilib\cximage\cximage\x64\debug\cximage.tlog\lib.command.1.tlog
