d:\qt\mfc-roilib\roilib\roilibapp\x64\release\vc140.pdb
d:\qt\mfc-roilib\roilib\roilibapp\x64\release\customribbonbar.obj
d:\qt\mfc-roilib\roilib\roilibapp\x64\release\rectdouble.obj
d:\qt\mfc-roilib\roilib\roilibapp\x64\release\path.obj
d:\qt\mfc-roilib\roilib\roilibapp\x64\release\dyndialogex.obj
d:\qt\mfc-roilib\roilib\roilibapp\x64\release\recipeview.obj
d:\qt\mfc-roilib\roilib\roilibapp\x64\release\mainfrm.obj
d:\qt\mfc-roilib\roilib\roilibapp\x64\release\frmproperty.obj
d:\qt\mfc-roilib\roilib\roilibapp\x64\release\roilibappview.obj
d:\qt\mfc-roilib\roilib\roilibapp\x64\release\roilibappdoc.obj
d:\qt\mfc-roilib\roilib\roilibapp\x64\release\roilibapp.obj
d:\qt\mfc-roilib\roilib\roilibapp\x64\release\processingclass.obj
d:\qt\mfc-roilib\roilib\roilibapp\x64\release\roilibapp.pch
d:\qt\mfc-roilib\roilib\roilibapp\x64\release\stdafx.obj
d:\qt\mfc-roilib\roilib\roilibapp\x64\release\advcomboedit.obj
d:\qt\mfc-roilib\roilib\roilibapp\x64\release\advcombobox.obj
d:\qt\mfc-roilib\roilib\roilibapp\x64\release\utils.obj
d:\qt\mfc-roilib\roilib\roilibapp\x64\release\ui_object.obj
d:\qt\mfc-roilib\roilib\roilibapp\x64\release\tokenizer.obj
d:\qt\mfc-roilib\roilib\roilibapp\x64\release\string.obj
d:\qt\mfc-roilib\roilib\roilibapp\x64\release\olemethod.obj
d:\qt\mfc-roilib\roilib\roilibapp\x64\release\msexcel.obj
d:\qt\mfc-roilib\roilib\roilibapp\x64\release\log.obj
d:\qt\mfc-roilib\roilib\roilibapp\x64\release\fileoperations.obj
d:\qt\mfc-roilib\roilib\roilibapp\x64\release\direct_info.obj
d:\qt\mfc-roilib\roilib\roilibapp\x64\release\propertygridmonthcalctrl.obj
d:\qt\mfc-roilib\roilib\roilibapp\x64\release\propertygridinplaceedit.obj
d:\qt\mfc-roilib\roilib\roilibapp\x64\release\propertygriddirectorypicker.obj
d:\qt\mfc-roilib\roilib\roilibapp\x64\release\propertygridcombo.obj
d:\qt\mfc-roilib\roilib\roilibapp\x64\release\propertygrid.obj
d:\qt\mfc-roilib\roilib\roilibapp\x64\release\listdyndialogex.obj
d:\qt\mfc-roilib\roilib\roilibapp\x64\release\dyndialogitemex.obj
d:\qt\mfc-roilib\roilib\roilibapp\x64\release\recipebase.obj
d:\qt\mfc-roilib\roilib\roilibapp\x64\release\linedata.obj
d:\qt\mfc-roilib\roilib\roilibapp\x64\release\config.obj
d:\qt\mfc-roilib\roilib\roilibapp\x64\release\sdiframe.obj
d:\qt\mfc-roilib\roilib\roilibapp\x64\release\sdiapp.obj
d:\qt\mfc-roilib\roilib\roilibapp\x64\release\scrollviewex.obj
d:\qt\mfc-roilib\roilib\roilibapp\x64\release\drawvw.obj
d:\qt\mfc-roilib\roilib\roilibapp\x64\release\drawtool.obj
d:\qt\mfc-roilib\roilib\roilibapp\x64\release\drawobj.obj
d:\qt\mfc-roilib\roilib\roilibapp\x64\release\drawdoc.obj
d:\qt\mfc-roilib\roilib\roilibapp\x64\release\xlistctrl.obj
d:\qt\mfc-roilib\roilib\roilibapp\x64\release\xheaderctrl.obj
d:\qt\mfc-roilib\roilib\roilibapp\x64\release\xedit.obj
d:\qt\mfc-roilib\roilib\roilibapp\x64\release\xcombolist.obj
d:\qt\mfc-roilib\roilib\roilibapp\x64\release\xcombo.obj
d:\qt\mfc-roilib\roilib\roilibapp\x64\release\visualstylesxp.obj
d:\qt\mfc-roilib\roilib\roilibapp\x64\release\dropwnd.obj
d:\qt\mfc-roilib\roilib\roilibapp\x64\release\dropscrollbar.obj
d:\qt\mfc-roilib\roilib\roilibapp\x64\release\droplistbox.obj
d:\qt\mfc-roilib\roilib\roilibapp\x64\release\logwnd.obj
d:\qt\mfc-roilib\roilib\roilibapp\x64\release\iniutil.obj
d:\qt\mfc-roilib\roilib\roilibapp\x64\release\imgprocbase.obj
d:\qt\mfc-roilib\roilib\roilibapp\x64\release\blob.obj
d:\qt\mfc-roilib\roilib\roilibapp\x64\release\imgprocengine.obj
d:\qt\mfc-roilib\roilib\roilibapp\x64\release\edgessubpix.obj
d:\qt\mfc-roilib\roilib\roilibapp\x64\release\componentlabeling.obj
d:\qt\mfc-roilib\roilib\roilibapp\x64\release\blobresult.obj
d:\qt\mfc-roilib\roilib\roilibapp\x64\release\bloboperators.obj
d:\qt\mfc-roilib\roilib\roilibapp\x64\release\blobcontour.obj
d:\qt\mfc-roilib\roilib\roilibapp\x64\release\dlgrecipeset.obj
d:\qt\mfc-roilib\roilib\roilibapp\x64\release\dlgobject.obj
d:\qt\mfc-roilib\roilib\roilibapp\x64\release\dlgconfig.obj
d:\qt\mfc-roilib\roilib\roilibapp\x64\release\roidata.obj
d:\qt\mfc-roilib\roilib\roilibapp\x64\release\roibase.obj
d:\qt\mfc-roilib\roilib\roilibapp\x64\release\recipedata.obj
d:\qt\mfc-roilib\roilib\roilibapp\x64\release\propertieswnd.obj
d:\qt\mfc-roilib\roilib\roilibapp\x64\release\roilibapp.res
d:\qt\mfc-roilib\roilib\roilibapp\x64\release\roilibapp.tlog\cl.command.1.tlog
d:\qt\mfc-roilib\roilib\roilibapp\x64\release\roilibapp.tlog\cl.read.1.tlog
d:\qt\mfc-roilib\roilib\roilibapp\x64\release\roilibapp.tlog\cl.write.1.tlog
d:\qt\mfc-roilib\roilib\roilibapp\x64\release\roilibapp.tlog\link.command.1.tlog
d:\qt\mfc-roilib\roilib\roilibapp\x64\release\roilibapp.tlog\link.read.1.tlog
d:\qt\mfc-roilib\roilib\roilibapp\x64\release\roilibapp.tlog\link.write.1.tlog
d:\qt\mfc-roilib\roilib\roilibapp\x64\release\roilibapp.tlog\rc.command.1.tlog
d:\qt\mfc-roilib\roilib\roilibapp\x64\release\roilibapp.tlog\rc.read.1.tlog
d:\qt\mfc-roilib\roilib\roilibapp\x64\release\roilibapp.tlog\rc.write.1.tlog
