d:\qt\mfc-roilib\cximage\zlib\debug\zlib.pdb
d:\qt\mfc-roilib\cximage\zlib\debug\zlib.idb
d:\qt\mfc-roilib\cximage\zlib\debug\zutil.obj
d:\qt\mfc-roilib\cximage\zlib\debug\uncompr.obj
d:\qt\mfc-roilib\cximage\zlib\debug\trees.obj
d:\qt\mfc-roilib\cximage\zlib\debug\inftrees.obj
d:\qt\mfc-roilib\cximage\zlib\debug\inflate.obj
d:\qt\mfc-roilib\cximage\zlib\debug\inffast.obj
d:\qt\mfc-roilib\cximage\zlib\debug\infback.obj
d:\qt\mfc-roilib\cximage\zlib\debug\gzio.obj
d:\qt\mfc-roilib\cximage\zlib\debug\deflate.obj
d:\qt\mfc-roilib\cximage\zlib\debug\crc32.obj
d:\qt\mfc-roilib\cximage\zlib\debug\compress.obj
d:\qt\mfc-roilib\cximage\zlib\debug\adler32.obj
d:\qt\mfc-roilib\cximage\zlib\debug\zlib.lib
d:\qt\mfc-roilib\cximage\zlib\x64\debug\zlib.tlog\cl.command.1.tlog
d:\qt\mfc-roilib\cximage\zlib\x64\debug\zlib.tlog\cl.read.1.tlog
d:\qt\mfc-roilib\cximage\zlib\x64\debug\zlib.tlog\cl.write.1.tlog
d:\qt\mfc-roilib\cximage\zlib\x64\debug\zlib.tlog\lib-link.read.1.tlog
d:\qt\mfc-roilib\cximage\zlib\x64\debug\zlib.tlog\lib-link.write.1.tlog
d:\qt\mfc-roilib\cximage\zlib\x64\debug\zlib.tlog\lib.command.1.tlog
