d:\qt\mfc-roilib\cximage\jpeg\release\jpeg.pdb
d:\qt\mfc-roilib\cximage\jpeg\release\jpeg.idb
d:\qt\mfc-roilib\cximage\jpeg\release\jdatasrc.obj
d:\qt\mfc-roilib\cximage\jpeg\release\jdatadst.obj
d:\qt\mfc-roilib\cximage\jpeg\release\jdapistd.obj
d:\qt\mfc-roilib\cximage\jpeg\release\jdapimin.obj
d:\qt\mfc-roilib\cximage\jpeg\release\jctrans.obj
d:\qt\mfc-roilib\cximage\jpeg\release\jcsample.obj
d:\qt\mfc-roilib\cximage\jpeg\release\jcprepct.obj
d:\qt\mfc-roilib\cximage\jpeg\release\jcphuff.obj
d:\qt\mfc-roilib\cximage\jpeg\release\jcparam.obj
d:\qt\mfc-roilib\cximage\jpeg\release\jcomapi.obj
d:\qt\mfc-roilib\cximage\jpeg\release\jcmaster.obj
d:\qt\mfc-roilib\cximage\jpeg\release\jcmarker.obj
d:\qt\mfc-roilib\cximage\jpeg\release\jcmainct.obj
d:\qt\mfc-roilib\cximage\jpeg\release\jcinit.obj
d:\qt\mfc-roilib\cximage\jpeg\release\jchuff.obj
d:\qt\mfc-roilib\cximage\jpeg\release\jcdctmgr.obj
d:\qt\mfc-roilib\cximage\jpeg\release\jccolor.obj
d:\qt\mfc-roilib\cximage\jpeg\release\jccoefct.obj
d:\qt\mfc-roilib\cximage\jpeg\release\jcapistd.obj
d:\qt\mfc-roilib\cximage\jpeg\release\jcapimin.obj
d:\qt\mfc-roilib\cximage\jpeg\release\jidctint.obj
d:\qt\mfc-roilib\cximage\jpeg\release\jidctfst.obj
d:\qt\mfc-roilib\cximage\jpeg\release\jidctflt.obj
d:\qt\mfc-roilib\cximage\jpeg\release\jfdctint.obj
d:\qt\mfc-roilib\cximage\jpeg\release\jfdctfst.obj
d:\qt\mfc-roilib\cximage\jpeg\release\jfdctflt.obj
d:\qt\mfc-roilib\cximage\jpeg\release\jerror.obj
d:\qt\mfc-roilib\cximage\jpeg\release\jdtrans.obj
d:\qt\mfc-roilib\cximage\jpeg\release\jdsample.obj
d:\qt\mfc-roilib\cximage\jpeg\release\jdpostct.obj
d:\qt\mfc-roilib\cximage\jpeg\release\jdphuff.obj
d:\qt\mfc-roilib\cximage\jpeg\release\jdmerge.obj
d:\qt\mfc-roilib\cximage\jpeg\release\jdmaster.obj
d:\qt\mfc-roilib\cximage\jpeg\release\jdmarker.obj
d:\qt\mfc-roilib\cximage\jpeg\release\jdmainct.obj
d:\qt\mfc-roilib\cximage\jpeg\release\jdinput.obj
d:\qt\mfc-roilib\cximage\jpeg\release\jdhuff.obj
d:\qt\mfc-roilib\cximage\jpeg\release\jddctmgr.obj
d:\qt\mfc-roilib\cximage\jpeg\release\jdcolor.obj
d:\qt\mfc-roilib\cximage\jpeg\release\jdcoefct.obj
d:\qt\mfc-roilib\cximage\jpeg\release\jutils.obj
d:\qt\mfc-roilib\cximage\jpeg\release\jquant2.obj
d:\qt\mfc-roilib\cximage\jpeg\release\jquant1.obj
d:\qt\mfc-roilib\cximage\jpeg\release\jmemnobs.obj
d:\qt\mfc-roilib\cximage\jpeg\release\jmemmgr.obj
d:\qt\mfc-roilib\cximage\jpeg\release\jidctred.obj
d:\qt\mfc-roilib\cximage\jpeg\release\jpeg.lib
d:\qt\mfc-roilib\cximage\jpeg\..\lib\jpeg.lib
d:\qt\mfc-roilib\cximage\jpeg\x64\release\jpeg.tlog\cl.command.1.tlog
d:\qt\mfc-roilib\cximage\jpeg\x64\release\jpeg.tlog\cl.read.1.tlog
d:\qt\mfc-roilib\cximage\jpeg\x64\release\jpeg.tlog\cl.write.1.tlog
d:\qt\mfc-roilib\cximage\jpeg\x64\release\jpeg.tlog\lib-link.read.1.tlog
d:\qt\mfc-roilib\cximage\jpeg\x64\release\jpeg.tlog\lib-link.write.1.tlog
d:\qt\mfc-roilib\cximage\jpeg\x64\release\jpeg.tlog\lib.command.1.tlog
