d:\qt\mfc-roilib\cximage\jasper\debug\jasper.pdb
d:\qt\mfc-roilib\cximage\jasper\debug\jasper.idb
d:\qt\mfc-roilib\cximage\jasper\debug\jpc_bs.obj
d:\qt\mfc-roilib\cximage\jasper\debug\jp2_enc.obj
d:\qt\mfc-roilib\cximage\jasper\debug\jp2_dec.obj
d:\qt\mfc-roilib\cximage\jasper\debug\jp2_cod.obj
d:\qt\mfc-roilib\cximage\jasper\debug\jas_version.obj
d:\qt\mfc-roilib\cximage\jasper\debug\jas_tvp.obj
d:\qt\mfc-roilib\cximage\jasper\debug\jas_string.obj
d:\qt\mfc-roilib\cximage\jasper\debug\jas_stream.obj
d:\qt\mfc-roilib\cximage\jasper\debug\jas_seq.obj
d:\qt\mfc-roilib\cximage\jasper\debug\jas_malloc.obj
d:\qt\mfc-roilib\cximage\jasper\debug\jas_init.obj
d:\qt\mfc-roilib\cximage\jasper\debug\jas_image.obj
d:\qt\mfc-roilib\cximage\jasper\debug\jas_iccdata.obj
d:\qt\mfc-roilib\cximage\jasper\debug\jas_icc.obj
d:\qt\mfc-roilib\cximage\jasper\debug\jas_getopt.obj
d:\qt\mfc-roilib\cximage\jasper\debug\jas_debug.obj
d:\qt\mfc-roilib\cximage\jasper\debug\jas_cm.obj
d:\qt\mfc-roilib\cximage\jasper\debug\bmp_enc.obj
d:\qt\mfc-roilib\cximage\jasper\debug\bmp_dec.obj
d:\qt\mfc-roilib\cximage\jasper\debug\bmp_cod.obj
d:\qt\mfc-roilib\cximage\jasper\debug\jpg_val.obj
d:\qt\mfc-roilib\cximage\jasper\debug\jpg_dummy.obj
d:\qt\mfc-roilib\cximage\jasper\debug\jpc_util.obj
d:\qt\mfc-roilib\cximage\jasper\debug\jpc_tsfb.obj
d:\qt\mfc-roilib\cximage\jasper\debug\jpc_tagtree.obj
d:\qt\mfc-roilib\cximage\jasper\debug\jpc_t2enc.obj
d:\qt\mfc-roilib\cximage\jasper\debug\jpc_t2dec.obj
d:\qt\mfc-roilib\cximage\jasper\debug\jpc_t2cod.obj
d:\qt\mfc-roilib\cximage\jasper\debug\jpc_t1enc.obj
d:\qt\mfc-roilib\cximage\jasper\debug\jpc_t1dec.obj
d:\qt\mfc-roilib\cximage\jasper\debug\jpc_t1cod.obj
d:\qt\mfc-roilib\cximage\jasper\debug\jpc_qmfb.obj
d:\qt\mfc-roilib\cximage\jasper\debug\jpc_mqenc.obj
d:\qt\mfc-roilib\cximage\jasper\debug\jpc_mqdec.obj
d:\qt\mfc-roilib\cximage\jasper\debug\jpc_mqcod.obj
d:\qt\mfc-roilib\cximage\jasper\debug\jpc_mct.obj
d:\qt\mfc-roilib\cximage\jasper\debug\jpc_math.obj
d:\qt\mfc-roilib\cximage\jasper\debug\jpc_enc.obj
d:\qt\mfc-roilib\cximage\jasper\debug\jpc_dec.obj
d:\qt\mfc-roilib\cximage\jasper\debug\jpc_cs.obj
d:\qt\mfc-roilib\cximage\jasper\debug\ras_enc.obj
d:\qt\mfc-roilib\cximage\jasper\debug\ras_dec.obj
d:\qt\mfc-roilib\cximage\jasper\debug\ras_cod.obj
d:\qt\mfc-roilib\cximage\jasper\debug\pnm_enc.obj
d:\qt\mfc-roilib\cximage\jasper\debug\pnm_dec.obj
d:\qt\mfc-roilib\cximage\jasper\debug\pnm_cod.obj
d:\qt\mfc-roilib\cximage\jasper\debug\pgx_enc.obj
d:\qt\mfc-roilib\cximage\jasper\debug\pgx_dec.obj
d:\qt\mfc-roilib\cximage\jasper\debug\pgx_cod.obj
d:\qt\mfc-roilib\cximage\jasper\debug\mif_cod.obj
d:\qt\mfc-roilib\cximage\jasper\debug\jasper.lib
d:\qt\mfc-roilib\cximage\jasper\..\lib\jasper.lib
d:\qt\mfc-roilib\cximage\jasper\x64\debug\jasper.tlog\cl.command.1.tlog
d:\qt\mfc-roilib\cximage\jasper\x64\debug\jasper.tlog\cl.read.1.tlog
d:\qt\mfc-roilib\cximage\jasper\x64\debug\jasper.tlog\cl.write.1.tlog
d:\qt\mfc-roilib\cximage\jasper\x64\debug\jasper.tlog\lib-link.read.1.tlog
d:\qt\mfc-roilib\cximage\jasper\x64\debug\jasper.tlog\lib-link.write.1.tlog
d:\qt\mfc-roilib\cximage\jasper\x64\debug\jasper.tlog\lib.command.1.tlog
