d:\qt\mfc-roilib\cximage\tiff\release\tiff.pdb
d:\qt\mfc-roilib\cximage\tiff\release\tiff.idb
d:\qt\mfc-roilib\cximage\tiff\release\tif_open.obj
d:\qt\mfc-roilib\cximage\tiff\release\tif_ojpeg.obj
d:\qt\mfc-roilib\cximage\tiff\release\tif_next.obj
d:\qt\mfc-roilib\cximage\tiff\release\tif_lzw.obj
d:\qt\mfc-roilib\cximage\tiff\release\tif_luv.obj
d:\qt\mfc-roilib\cximage\tiff\release\tif_jpeg.obj
d:\qt\mfc-roilib\cximage\tiff\release\tif_getimage.obj
d:\qt\mfc-roilib\cximage\tiff\release\tif_flush.obj
d:\qt\mfc-roilib\cximage\tiff\release\tif_fax3.obj
d:\qt\mfc-roilib\cximage\tiff\release\tif_error.obj
d:\qt\mfc-roilib\cximage\tiff\release\tif_dumpmode.obj
d:\qt\mfc-roilib\cximage\tiff\release\tif_dirwrite.obj
d:\qt\mfc-roilib\cximage\tiff\release\tif_dirread.obj
d:\qt\mfc-roilib\cximage\tiff\release\tif_dirinfo.obj
d:\qt\mfc-roilib\cximage\tiff\release\tif_dir.obj
d:\qt\mfc-roilib\cximage\tiff\release\tif_compress.obj
d:\qt\mfc-roilib\cximage\tiff\release\tif_codec.obj
d:\qt\mfc-roilib\cximage\tiff\release\tif_close.obj
d:\qt\mfc-roilib\cximage\tiff\release\tif_aux.obj
d:\qt\mfc-roilib\cximage\tiff\release\fax3sm_winnt.obj
d:\qt\mfc-roilib\cximage\tiff\release\tif_zip.obj
d:\qt\mfc-roilib\cximage\tiff\release\tif_write.obj
d:\qt\mfc-roilib\cximage\tiff\release\tif_warning.obj
d:\qt\mfc-roilib\cximage\tiff\release\tif_version.obj
d:\qt\mfc-roilib\cximage\tiff\release\tif_tile.obj
d:\qt\mfc-roilib\cximage\tiff\release\tif_thunder.obj
d:\qt\mfc-roilib\cximage\tiff\release\tif_swab.obj
d:\qt\mfc-roilib\cximage\tiff\release\tif_strip.obj
d:\qt\mfc-roilib\cximage\tiff\release\tif_read.obj
d:\qt\mfc-roilib\cximage\tiff\release\tif_print.obj
d:\qt\mfc-roilib\cximage\tiff\release\tif_predict.obj
d:\qt\mfc-roilib\cximage\tiff\release\tif_pixarlog.obj
d:\qt\mfc-roilib\cximage\tiff\release\tif_packbits.obj
d:\qt\mfc-roilib\cximage\tiff\release\tiff.lib
d:\qt\mfc-roilib\cximage\tiff\..\lib\tiff.lib
d:\qt\mfc-roilib\cximage\tiff\x64\release\tiff.tlog\cl.command.1.tlog
d:\qt\mfc-roilib\cximage\tiff\x64\release\tiff.tlog\cl.read.1.tlog
d:\qt\mfc-roilib\cximage\tiff\x64\release\tiff.tlog\cl.write.1.tlog
d:\qt\mfc-roilib\cximage\tiff\x64\release\tiff.tlog\lib-link.read.1.tlog
d:\qt\mfc-roilib\cximage\tiff\x64\release\tiff.tlog\lib-link.write.1.tlog
d:\qt\mfc-roilib\cximage\tiff\x64\release\tiff.tlog\lib.command.1.tlog
