d:\qt\mfc-roilib\cximage\tiff\debug\tiff.pdb
d:\qt\mfc-roilib\cximage\tiff\debug\tiff.idb
d:\qt\mfc-roilib\cximage\tiff\debug\tif_open.obj
d:\qt\mfc-roilib\cximage\tiff\debug\tif_ojpeg.obj
d:\qt\mfc-roilib\cximage\tiff\debug\tif_next.obj
d:\qt\mfc-roilib\cximage\tiff\debug\tif_lzw.obj
d:\qt\mfc-roilib\cximage\tiff\debug\tif_luv.obj
d:\qt\mfc-roilib\cximage\tiff\debug\tif_jpeg.obj
d:\qt\mfc-roilib\cximage\tiff\debug\tif_getimage.obj
d:\qt\mfc-roilib\cximage\tiff\debug\tif_flush.obj
d:\qt\mfc-roilib\cximage\tiff\debug\tif_fax3.obj
d:\qt\mfc-roilib\cximage\tiff\debug\tif_error.obj
d:\qt\mfc-roilib\cximage\tiff\debug\tif_dumpmode.obj
d:\qt\mfc-roilib\cximage\tiff\debug\tif_dirwrite.obj
d:\qt\mfc-roilib\cximage\tiff\debug\tif_dirread.obj
d:\qt\mfc-roilib\cximage\tiff\debug\tif_dirinfo.obj
d:\qt\mfc-roilib\cximage\tiff\debug\tif_dir.obj
d:\qt\mfc-roilib\cximage\tiff\debug\tif_compress.obj
d:\qt\mfc-roilib\cximage\tiff\debug\tif_codec.obj
d:\qt\mfc-roilib\cximage\tiff\debug\tif_close.obj
d:\qt\mfc-roilib\cximage\tiff\debug\tif_aux.obj
d:\qt\mfc-roilib\cximage\tiff\debug\fax3sm_winnt.obj
d:\qt\mfc-roilib\cximage\tiff\debug\tif_zip.obj
d:\qt\mfc-roilib\cximage\tiff\debug\tif_write.obj
d:\qt\mfc-roilib\cximage\tiff\debug\tif_warning.obj
d:\qt\mfc-roilib\cximage\tiff\debug\tif_version.obj
d:\qt\mfc-roilib\cximage\tiff\debug\tif_tile.obj
d:\qt\mfc-roilib\cximage\tiff\debug\tif_thunder.obj
d:\qt\mfc-roilib\cximage\tiff\debug\tif_swab.obj
d:\qt\mfc-roilib\cximage\tiff\debug\tif_strip.obj
d:\qt\mfc-roilib\cximage\tiff\debug\tif_read.obj
d:\qt\mfc-roilib\cximage\tiff\debug\tif_print.obj
d:\qt\mfc-roilib\cximage\tiff\debug\tif_predict.obj
d:\qt\mfc-roilib\cximage\tiff\debug\tif_pixarlog.obj
d:\qt\mfc-roilib\cximage\tiff\debug\tif_packbits.obj
d:\qt\mfc-roilib\cximage\tiff\debug\tiff.lib
d:\qt\mfc-roilib\cximage\tiff\x64\debug\tiff.tlog\cl.command.1.tlog
d:\qt\mfc-roilib\cximage\tiff\x64\debug\tiff.tlog\cl.read.1.tlog
d:\qt\mfc-roilib\cximage\tiff\x64\debug\tiff.tlog\cl.write.1.tlog
d:\qt\mfc-roilib\cximage\tiff\x64\debug\tiff.tlog\lib-link.read.1.tlog
d:\qt\mfc-roilib\cximage\tiff\x64\debug\tiff.tlog\lib-link.write.1.tlog
d:\qt\mfc-roilib\cximage\tiff\x64\debug\tiff.tlog\lib.command.1.tlog
