d:\qt\mfc-roilib\cximage\png\debug\png.pdb
d:\qt\mfc-roilib\cximage\png\debug\png.idb
d:\qt\mfc-roilib\cximage\png\debug\pngwutil.obj
d:\qt\mfc-roilib\cximage\png\debug\pngwtran.obj
d:\qt\mfc-roilib\cximage\png\debug\pngwrite.obj
d:\qt\mfc-roilib\cximage\png\debug\pngwio.obj
d:\qt\mfc-roilib\cximage\png\debug\pngvcrd.obj
d:\qt\mfc-roilib\cximage\png\debug\pngtrans.obj
d:\qt\mfc-roilib\cximage\png\debug\pngset.obj
d:\qt\mfc-roilib\cximage\png\debug\pngrutil.obj
d:\qt\mfc-roilib\cximage\png\debug\pngrtran.obj
d:\qt\mfc-roilib\cximage\png\debug\pngrio.obj
d:\qt\mfc-roilib\cximage\png\debug\pngread.obj
d:\qt\mfc-roilib\cximage\png\debug\pngpread.obj
d:\qt\mfc-roilib\cximage\png\debug\pngmem.obj
d:\qt\mfc-roilib\cximage\png\debug\pngget.obj
d:\qt\mfc-roilib\cximage\png\debug\pngerror.obj
d:\qt\mfc-roilib\cximage\png\debug\png.obj
d:\qt\mfc-roilib\cximage\png\debug\png.lib
d:\qt\mfc-roilib\cximage\png\..\lib\png.lib
d:\qt\mfc-roilib\cximage\png\x64\debug\png.tlog\cl.command.1.tlog
d:\qt\mfc-roilib\cximage\png\x64\debug\png.tlog\cl.read.1.tlog
d:\qt\mfc-roilib\cximage\png\x64\debug\png.tlog\cl.write.1.tlog
d:\qt\mfc-roilib\cximage\png\x64\debug\png.tlog\lib-link.read.1.tlog
d:\qt\mfc-roilib\cximage\png\x64\debug\png.tlog\lib-link.write.1.tlog
d:\qt\mfc-roilib\cximage\png\x64\debug\png.tlog\lib.command.1.tlog
